<?xml version="1.0" encoding="UTF-8"?>
<!-- Generated by org.testng.reporters.JUnitReportReporter -->
<testsuite hostname="shahabuddin" failures="0" tests="2" name="pages.HomePageTest" time="36.091" errors="0" timestamp="2023-08-29T00:17:27 EDT" skipped="0">
  <testcase classname="pages.HomePageTest" name="clickLogoTest" time="11.898"/>
  <testcase classname="pages.HomePageTest" name="clickZipCodeTest" time="24.193"/>
</testsuite> <!-- pages.HomePageTest -->
